  Buffers.cpp
  CleanupManager.cpp
  CommandBuffer.cpp
  ComputePipeline.cpp
  ConfigParser.cpp
  consoleoutput.cpp
  Descriptors.cpp
  ETGG4804.cpp
G:\GPU Raytracing\ETGG4804\Consts.h(6,1): warning C4005: 'INFINITY': macro redefinition
C:\Program Files (x86)\Windows Kits\10\Include\10.0.22000.0\ucrt\corecrt_math.h(88,1): message : see previous definition of 'INFINITY'
G:\GPU Raytracing\ETGG4804\Shapes.h(34,58): warning C4244: 'argument': conversion from 'float' to 'std::array<math2801::vec3,3>::size_type', possible loss of data
G:\GPU Raytracing\ETGG4804\Shapes.h(38,69): warning C4244: 'argument': conversion from 'float' to 'std::array<math2801::vec3,3>::size_type', possible loss of data
G:\GPU Raytracing\ETGG4804\Shapes.h(38,20): warning C4244: 'return': conversion from 'double' to 'float', possible loss of data
G:\GPU Raytracing\ETGG4804\Shapes.h(44,20): warning C4244: 'return': conversion from 'double' to 'float', possible loss of data
G:\GPU Raytracing\ETGG4804\ETGG4804.cpp(285,44): warning C4305: '=': truncation from 'double' to 'float'
  main.cpp
  ReadPLY.cpp
G:\GPU Raytracing\ETGG4804\Shapes.h(34,58): warning C4244: 'argument': conversion from 'float' to 'std::array<math2801::vec3,3>::size_type', possible loss of data
G:\GPU Raytracing\ETGG4804\Shapes.h(38,69): warning C4244: 'argument': conversion from 'float' to 'std::array<math2801::vec3,3>::size_type', possible loss of data
G:\GPU Raytracing\ETGG4804\Shapes.h(38,20): warning C4244: 'return': conversion from 'double' to 'float', possible loss of data
G:\GPU Raytracing\ETGG4804\Shapes.h(44,20): warning C4244: 'return': conversion from 'double' to 'float', possible loss of data
  ReadScene.cpp
G:\GPU Raytracing\ETGG4804\Shapes.h(34,58): warning C4244: 'argument': conversion from 'float' to 'std::array<math2801::vec3,3>::size_type', possible loss of data
G:\GPU Raytracing\ETGG4804\Shapes.h(38,69): warning C4244: 'argument': conversion from 'float' to 'std::array<math2801::vec3,3>::size_type', possible loss of data
G:\GPU Raytracing\ETGG4804\Shapes.h(38,20): warning C4244: 'return': conversion from 'double' to 'float', possible loss of data
G:\GPU Raytracing\ETGG4804\Shapes.h(44,20): warning C4244: 'return': conversion from 'double' to 'float', possible loss of data
  Framebuffer.cpp
  GraphicsPipeline.cpp
  imagedecode.cpp
  imageencode.cpp
  ImageManager.cpp
  Images.cpp
  imagescale.cpp
  math2801.cpp
  mischelpers.cpp
  Compiling...
  parseMembers.cpp
  Pipeline.cpp
  PipelineLayout.cpp
  platform.cpp
  PushConstants.cpp
  RenderPass.cpp
  Samplers.cpp
  sha256.cpp
  ShaderManager.cpp
  timeutil.cpp
  Uniforms.cpp
  utils.cpp
  VertexManager.cpp
  vk.cpp
  vkhelpers.cpp
LINK : warning LNK4075: ignoring '/INCREMENTAL' due to '/LTCG' specification
ETGG4804.obj : error LNK2001: unresolved external symbol SDL_GetWindowSurface
ETGG4804.obj : error LNK2001: unresolved external symbol SDL_Init
ETGG4804.obj : error LNK2001: unresolved external symbol SDL_GetError
ETGG4804.obj : error LNK2001: unresolved external symbol SDL_Quit
ETGG4804.obj : error LNK2001: unresolved external symbol SDL_UnlockSurface
ETGG4804.obj : error LNK2001: unresolved external symbol SDL_CreateRGBSurfaceWithFormat
ETGG4804.obj : error LNK2001: unresolved external symbol SDL_WaitEvent
ETGG4804.obj : error LNK2001: unresolved external symbol SDL_UpperBlit
ETGG4804.obj : error LNK2001: unresolved external symbol SDL_LockSurface
ETGG4804.obj : error LNK2001: unresolved external symbol SDL_PollEvent
ETGG4804.obj : error LNK2001: unresolved external symbol SDL_GetTicks
ETGG4804.obj : error LNK2001: unresolved external symbol SDL_CreateWindow
ETGG4804.obj : error LNK2001: unresolved external symbol SDL_UpdateWindowSurface
Framebuffer.obj : error LNK2001: unresolved external symbol "public: __cdecl Framebuffer::~Framebuffer(void)" (??1Framebuffer@@QEAA@XZ)
ShaderManager.obj : error LNK2001: unresolved external symbol "public: char const * __cdecl glslang::TShader::getInfoDebugLog(void)" (?getInfoDebugLog@TShader@glslang@@QEAAPEBDXZ)
ShaderManager.obj : error LNK2001: unresolved external symbol "public: char const * __cdecl glslang::TShader::getInfoLog(void)" (?getInfoLog@TShader@glslang@@QEAAPEBDXZ)
ShaderManager.obj : error LNK2001: unresolved external symbol "public: bool __cdecl glslang::TShader::parse(struct TBuiltInResource const *,int,enum EProfile,bool,bool,enum EShMessages,class glslang::TShader::Includer &)" (?parse@TShader@glslang@@QEAA_NPEBUTBuiltInResource@@HW4EProfile@@_N2W4EShMessages@@AEAVIncluder@12@@Z)
ShaderManager.obj : error LNK2001: unresolved external symbol "public: void __cdecl glslang::TShader::setStringsWithLengthsAndNames(char const * const *,int const *,char const * const *,int)" (?setStringsWithLengthsAndNames@TShader@glslang@@QEAAXPEBQEBDPEBH0H@Z)
ShaderManager.obj : error LNK2001: unresolved external symbol "public: virtual __cdecl glslang::TShader::~TShader(void)" (??1TShader@glslang@@UEAA@XZ)
ShaderManager.obj : error LNK2001: unresolved external symbol "public: __cdecl glslang::TShader::TShader(enum EShLanguage)" (??0TShader@glslang@@QEAA@W4EShLanguage@@@Z)
ShaderManager.obj : error LNK2001: unresolved external symbol "void __cdecl glslang::GlslangToSpv(class glslang::TIntermediate const &,class std::vector<unsigned int,class std::allocator<unsigned int> > &,struct glslang::SpvOptions *)" (?GlslangToSpv@glslang@@YAXAEBVTIntermediate@1@AEAV?$vector@IV?$allocator@I@std@@@std@@PEAUSpvOptions@1@@Z)
ShaderManager.obj : error LNK2001: unresolved external symbol "bool __cdecl glslang::InitializeProcess(void)" (?InitializeProcess@glslang@@YA_NXZ)
ShaderManager.obj : error LNK2001: unresolved external symbol "public: char const * __cdecl glslang::TProgram::getInfoDebugLog(void)" (?getInfoDebugLog@TProgram@glslang@@QEAAPEBDXZ)
ShaderManager.obj : error LNK2001: unresolved external symbol "public: char const * __cdecl glslang::TProgram::getInfoLog(void)" (?getInfoLog@TProgram@glslang@@QEAAPEBDXZ)
ShaderManager.obj : error LNK2001: unresolved external symbol "public: bool __cdecl glslang::TProgram::link(enum EShMessages)" (?link@TProgram@glslang@@QEAA_NW4EShMessages@@@Z)
ShaderManager.obj : error LNK2001: unresolved external symbol "public: virtual __cdecl glslang::TProgram::~TProgram(void)" (??1TProgram@glslang@@UEAA@XZ)
ShaderManager.obj : error LNK2001: unresolved external symbol "public: __cdecl glslang::TProgram::TProgram(void)" (??0TProgram@glslang@@QEAA@XZ)
ShaderManager.obj : error LNK2001: unresolved external symbol "void __cdecl glslang::FinalizeProcess(void)" (?FinalizeProcess@glslang@@YAXXZ)
vk.obj : error LNK2001: unresolved external symbol SDL_Vulkan_GetVkGetInstanceProcAddr
vkhelpers.obj : error LNK2001: unresolved external symbol SDL_Vulkan_GetInstanceExtensions
vkhelpers.obj : error LNK2001: unresolved external symbol SDL_Vulkan_CreateSurface
vkhelpers.obj : error LNK2001: unresolved external symbol SDL_GetWindowSize
MSVCRT.lib(exe_main.obj) : error LNK2001: unresolved external symbol main
G:\GPU Raytracing\x64\Release\etgg2802.exe : fatal error LNK1120: 33 unresolved externals
