g:\simd raytracing\etgg4804\x64\debug\vc143.pdb
g:\simd raytracing\etgg4804\x64\debug\vc143.idb
g:\simd raytracing\etgg4804\x64\debug\readscene.obj
g:\simd raytracing\etgg4804\x64\debug\readply.obj
g:\simd raytracing\etgg4804\x64\debug\etgg4804.obj
g:\simd raytracing\etgg4804\x64\debug\math2801.obj
g:\compute shader\etgg4804\x64\debug\vc143.pdb
g:\compute shader\etgg4804\x64\debug\vc143.idb
g:\compute shader\etgg4804\x64\debug\readscene.obj
g:\compute shader\etgg4804\x64\debug\readply.obj
g:\compute shader\etgg4804\x64\debug\main.obj
g:\compute shader\etgg4804\x64\debug\etgg4804.obj
g:\compute shader\etgg4804\x64\debug\vkhelpers.obj
g:\compute shader\etgg4804\x64\debug\math2801.obj
g:\compute shader\etgg4804\x64\debug\descriptors.obj
g:\compute shader\etgg4804\x64\debug\computepipeline.obj
g:\compute shader\etgg4804\x64\debug\cleanupmanager.obj
g:\compute shader\etgg4804\x64\debug\buffers.obj
g:\compute shader\etgg4804\x64\debug\samplers.obj
g:\compute shader\etgg4804\x64\debug\renderpass.obj
g:\compute shader\etgg4804\x64\debug\pushconstants.obj
g:\compute shader\etgg4804\x64\debug\platform.obj
g:\compute shader\etgg4804\x64\debug\pipelinelayout.obj
g:\compute shader\etgg4804\x64\debug\pipeline.obj
g:\compute shader\etgg4804\x64\debug\parsemembers.obj
g:\compute shader\etgg4804\x64\debug\mischelpers.obj
g:\compute shader\etgg4804\x64\debug\json.obj
g:\compute shader\etgg4804\x64\debug\imagescale.obj
g:\compute shader\etgg4804\x64\debug\images.obj
g:\compute shader\etgg4804\x64\debug\imagemanager.obj
g:\compute shader\etgg4804\x64\debug\imageencode.obj
g:\compute shader\etgg4804\x64\debug\imagedecode.obj
g:\compute shader\etgg4804\x64\debug\graphicspipeline.obj
g:\compute shader\etgg4804\x64\debug\consoleoutput.obj
g:\compute shader\etgg4804\x64\debug\configparser.obj
g:\compute shader\etgg4804\x64\debug\commandbuffer.obj
g:\compute shader\etgg4804\x64\debug\vk.obj
g:\compute shader\etgg4804\x64\debug\utils.obj
g:\compute shader\etgg4804\x64\debug\uniforms.obj
g:\compute shader\etgg4804\x64\debug\timeutil.obj
g:\compute shader\etgg4804\x64\debug\text.obj
g:\compute shader\etgg4804\x64\debug\shadermanager.obj
g:\compute shader\etgg4804\x64\debug\vertexmanager.obj
g:\compute shader\etgg4804\x64\debug\framebuffer.obj
g:\simd raytracing\x64\debug\etgg4804.exe
g:\simd raytracing\etgg4804\x64\debug\etgg4804.ilk
g:\simd raytracing\x64\debug\etgg4804.pdb
g:\compute shader\etgg4804\x64\debug\vc142.idb
g:\compute shader\etgg4804\x64\debug\vc142.pdb
g:\compute shader\x64\debug\etgg4804.pdb
g:\compute shader\etgg4804\x64\debug\etgg4804.tlog\cl.command.1.tlog
g:\compute shader\etgg4804\x64\debug\etgg4804.tlog\cl.items.tlog
g:\compute shader\etgg4804\x64\debug\etgg4804.tlog\cl.read.1.tlog
g:\compute shader\etgg4804\x64\debug\etgg4804.tlog\cl.write.1.tlog
g:\compute shader\etgg4804\x64\debug\etgg4804.tlog\link-cvtres.read.1.tlog
g:\compute shader\etgg4804\x64\debug\etgg4804.tlog\link-cvtres.write.1.tlog
g:\compute shader\etgg4804\x64\debug\etgg4804.tlog\link-rc.read.1.tlog
g:\compute shader\etgg4804\x64\debug\etgg4804.tlog\link-rc.write.1.tlog
g:\compute shader\etgg4804\x64\debug\etgg4804.tlog\link.command.1.tlog
g:\compute shader\etgg4804\x64\debug\etgg4804.tlog\link.read.1.tlog
g:\compute shader\etgg4804\x64\debug\etgg4804.tlog\link.read.2.tlog
g:\compute shader\etgg4804\x64\debug\etgg4804.tlog\link.read.3.tlog
g:\compute shader\etgg4804\x64\debug\etgg4804.tlog\link.write.1.tlog
