c:\users\panasonic\desktop\etgg4804\etgg4804\etgg4804\x64\debug\vc143.pdb
c:\users\panasonic\desktop\etgg4804\etgg4804\etgg4804\x64\debug\vc143.idb
c:\users\panasonic\desktop\etgg4804\etgg4804\etgg4804\x64\debug\mischelpers.obj
c:\users\panasonic\desktop\etgg4804\etgg4804\etgg4804\x64\debug\math2801.obj
c:\users\panasonic\desktop\etgg4804\etgg4804\etgg4804\x64\debug\json.obj
c:\users\panasonic\desktop\etgg4804\etgg4804\etgg4804\x64\debug\imagescale.obj
c:\users\panasonic\desktop\etgg4804\etgg4804\etgg4804\x64\debug\imageencode.obj
c:\users\panasonic\desktop\etgg4804\etgg4804\etgg4804\x64\debug\imagedecode.obj
c:\users\panasonic\desktop\etgg4804\etgg4804\etgg4804\x64\debug\consoleoutput.obj
c:\users\panasonic\desktop\etgg4804\etgg4804\etgg4804\x64\debug\configparser.obj
c:\users\panasonic\desktop\etgg4804\etgg4804\etgg4804\x64\debug\cleanupmanager.obj
c:\users\panasonic\desktop\etgg4804\etgg4804\etgg4804\x64\debug\timeutil.obj
c:\users\panasonic\desktop\etgg4804\etgg4804\etgg4804\x64\debug\platform.obj
c:\users\panasonic\desktop\etgg4804\etgg4804\etgg4804\x64\debug\readply.obj
c:\users\panasonic\desktop\etgg4804\etgg4804\etgg4804\x64\debug\etgg4804.obj
c:\users\panasonic\desktop\etgg4804\etgg4804\etgg4804\x64\debug\readworld.obj
c:\users\panasonic\desktop\etgg4804\etgg4804\etgg4804\x64\debug\readscene.obj
c:\users\panasonic\desktop\etgg4804\etgg4804\etgg4804\x64\debug\testharness.obj
c:\users\panasonic\desktop\etgg4804\etgg4804\etgg4804\x64\debug\simdreduce.obj
c:\users\panasonic\desktop\etgg4804\etgg4804\x64\debug\etgg4804.exe
c:\users\panasonic\desktop\etgg4804\etgg4804\etgg4804\x64\debug\etgg4804.ilk
c:\users\panasonic\desktop\etgg4804\etgg4804\x64\debug\etgg4804.pdb
h:\simd raytracing\etgg4804\x64\debug\cleanupmanager.obj
h:\simd raytracing\etgg4804\x64\debug\configparser.obj
h:\simd raytracing\etgg4804\x64\debug\consoleoutput.obj
h:\simd raytracing\etgg4804\x64\debug\etgg4804.obj
h:\simd raytracing\etgg4804\x64\debug\imagedecode.obj
h:\simd raytracing\etgg4804\x64\debug\imageencode.obj
h:\simd raytracing\etgg4804\x64\debug\imagescale.obj
h:\simd raytracing\etgg4804\x64\debug\json.obj
h:\simd raytracing\etgg4804\x64\debug\math2801.obj
h:\simd raytracing\etgg4804\x64\debug\mischelpers.obj
h:\simd raytracing\etgg4804\x64\debug\platform.obj
h:\simd raytracing\etgg4804\x64\debug\readply.obj
h:\simd raytracing\etgg4804\x64\debug\readscene.obj
h:\simd raytracing\etgg4804\x64\debug\readworld.obj
h:\simd raytracing\etgg4804\x64\debug\simdreduce.obj
h:\simd raytracing\etgg4804\x64\debug\testharness.obj
h:\simd raytracing\etgg4804\x64\debug\timeutil.obj
h:\simd raytracing\etgg4804\x64\debug\etgg4804.ilk
h:\simd raytracing\etgg4804\x64\debug\vc143.idb
h:\simd raytracing\etgg4804\x64\debug\vc143.pdb
h:\simd raytracing\etgg4804\x64\debug\etgg4804.tlog\cl.command.1.tlog
h:\simd raytracing\etgg4804\x64\debug\etgg4804.tlog\cl.read.1.tlog
h:\simd raytracing\etgg4804\x64\debug\etgg4804.tlog\cl.write.1.tlog
h:\simd raytracing\etgg4804\x64\debug\etgg4804.tlog\link.command.1.tlog
h:\simd raytracing\etgg4804\x64\debug\etgg4804.tlog\link.read.1.tlog
h:\simd raytracing\etgg4804\x64\debug\etgg4804.tlog\link.write.1.tlog
