h:\simd\project1\x64\debug\vc142.pdb
h:\simd\project1\x64\debug\vc142.idb
h:\simd\project1\x64\debug\tempo50-noavx.obj
h:\simd\project1\x64\debug\similar.obj
h:\simd\project1\x64\debug\simdswizzle.obj
h:\simd\project1\x64\debug\simdstring.obj
h:\simd\project1\x64\debug\simdsoa.obj
h:\simd\project1\x64\debug\simdsearch.obj
h:\simd\project1\x64\debug\simdreduce.obj
h:\simd\project1\x64\debug\simdops.obj
h:\simd\project1\x64\debug\simdimage.obj
h:\simd\project1\x64\debug\simdavx.obj
h:\simd\project1\x64\debug\image.obj
h:\simd\project1\x64\debug\echo-nosimd.obj
h:\simd\project1\x64\debug\rgb2yuv.obj
h:\simd\x64\debug\project1.exe
h:\simd\project1\x64\debug\project1.ilk
h:\simd\x64\debug\project1.pdb
g:\simd\project1\x64\debug\bluescreen.obj
g:\simd\project1\x64\debug\echo-nosimd.obj
g:\simd\project1\x64\debug\image.obj
g:\simd\project1\x64\debug\rgb2yuv.obj
g:\simd\project1\x64\debug\simdavx.obj
g:\simd\project1\x64\debug\simdimage.obj
g:\simd\project1\x64\debug\simdops.obj
g:\simd\project1\x64\debug\simdreduce.obj
g:\simd\project1\x64\debug\simdsearch.obj
g:\simd\project1\x64\debug\simdsoa.obj
g:\simd\project1\x64\debug\simdstring.obj
g:\simd\project1\x64\debug\simdswizzle.obj
g:\simd\project1\x64\debug\similar.obj
g:\simd\project1\x64\debug\tempo50-noavx.obj
g:\simd\project1\x64\debug\project1.ilk
g:\simd\project1\x64\debug\vc142.idb
g:\simd\project1\x64\debug\vc143.idb
g:\simd\project1\x64\debug\vc142.pdb
g:\simd\project1\x64\debug\vc143.pdb
g:\simd\x64\debug\project1.pdb
g:\simd\x64\debug\project1.exe
g:\simd\project1\x64\debug\project1.tlog\cl.command.1.tlog
g:\simd\project1\x64\debug\project1.tlog\cl.read.1.tlog
g:\simd\project1\x64\debug\project1.tlog\cl.write.1.tlog
g:\simd\project1\x64\debug\project1.tlog\link.command.1.tlog
g:\simd\project1\x64\debug\project1.tlog\link.read.1.tlog
g:\simd\project1\x64\debug\project1.tlog\link.write.1.tlog
