  main.cpp
main.obj : error LNK2005: "private: static class std::vector<struct VkCommandBuffer_T *,class std::allocator<struct VkCommandBuffer_T *> > utils::additionalCommandBuffers" (?additionalCommandBuffers@utils@@0V?$vector@PEAUVkCommandBuffer_T@@V?$allocator@PEAUVkCommandBuffer_T@@@std@@@std@@A) already defined in utils.obj
main.obj : error LNK2005: "public: static class std::tuple<class DescriptorSet *,class ComputePipeline *,class PushConstants *> __cdecl utils::initializeComputePipeline(class VulkanContext *,class std::basic_string<char,struct std::char_traits<char>,class std::allocator<char> >,class std::basic_string<char,struct std::char_traits<char>,class std::allocator<char> >,class std::vector<struct DescriptorSetEntry,class std::allocator<struct DescriptorSetEntry> >)" (?initializeComputePipeline@utils@@SA?AV?$tuple@PEAVDescriptorSet@@PEAVComputePipeline@@PEAVPushConstants@@@std@@PEAVVulkanContext@@V?$basic_string@DU?$char_traits@D@std@@V?$allocator@D@2@@3@1V?$vector@UDescriptorSetEntry@@V?$allocator@UDescriptorSetEntry@@@std@@@3@@Z) already defined in utils.obj
main.obj : error LNK2005: "public: static class std::tuple<class DescriptorSet *,class ComputePipeline *> __cdecl utils::initializeComputePipeline(class VulkanContext *,class std::basic_string<char,struct std::char_traits<char>,class std::allocator<char> >,class std::vector<struct DescriptorSetEntry,class std::allocator<struct DescriptorSetEntry> >)" (?initializeComputePipeline@utils@@SA?AV?$tuple@PEAVDescriptorSet@@PEAVComputePipeline@@@std@@PEAVVulkanContext@@V?$basic_string@DU?$char_traits@D@std@@V?$allocator@D@2@@3@V?$vector@UDescriptorSetEntry@@V?$allocator@UDescriptorSetEntry@@@std@@@3@@Z) already defined in utils.obj
main.obj : error LNK2005: "public: static void __cdecl utils::addCommandBufferPreSubmit(struct VkCommandBuffer_T *)" (?addCommandBufferPreSubmit@utils@@SAXPEAUVkCommandBuffer_T@@@Z) already defined in utils.obj
main.obj : error LNK2005: "public: static unsigned int __cdecl utils::getCurrentFrameIdentifier(void)" (?getCurrentFrameIdentifier@utils@@SAIXZ) already defined in utils.obj
main.obj : error LNK2005: "public: static void __cdecl utils::registerFrameEndCallback(class std::function<void __cdecl(int)>)" (?registerFrameEndCallback@utils@@SAXV?$function@$$A6AXH@Z@std@@@Z) already defined in utils.obj
main.obj : error LNK2005: "public: static void __cdecl utils::registerFrameBeginCallback(class std::function<void __cdecl(int)>)" (?registerFrameBeginCallback@utils@@SAXV?$function@$$A6AXH@Z@std@@@Z) already defined in utils.obj
main.obj : error LNK2005: "public: static void __cdecl utils::registerFrameCompleteCallback(class std::function<void __cdecl(unsigned int)>)" (?registerFrameCompleteCallback@utils@@SAXV?$function@$$A6AXI@Z@std@@@Z) already defined in utils.obj
main.obj : error LNK2005: "public: static class std::vector<char,class std::allocator<char> > __cdecl utils::readFile(class std::basic_string<char,struct std::char_traits<char>,class std::allocator<char> >)" (?readFile@utils@@SA?AV?$vector@DV?$allocator@D@std@@@std@@V?$basic_string@DU?$char_traits@D@std@@V?$allocator@D@2@@3@@Z) already defined in utils.obj
main.obj : error LNK2005: "public: static int __cdecl utils::getRenderedSwapchainImageIndex(void)" (?getRenderedSwapchainImageIndex@utils@@SAHXZ) already defined in utils.obj
main.obj : error LNK2005: "public: static int __cdecl utils::getSwapchainImageIndex(void)" (?getSwapchainImageIndex@utils@@SAHXZ) already defined in utils.obj
main.obj : error LNK2005: "public: static int __cdecl utils::computePadding(unsigned __int64,unsigned __int64)" (?computePadding@utils@@SAH_K0@Z) already defined in utils.obj
main.obj : error LNK2005: "public: static void __cdecl utils::endFrame(class VulkanContext *,struct VkCommandBuffer_T *)" (?endFrame@utils@@SAXPEAVVulkanContext@@PEAUVkCommandBuffer_T@@@Z) already defined in utils.obj
main.obj : error LNK2005: "public: static void __cdecl utils::endCompute(class VulkanContext *,struct VkCommandBuffer_T *)" (?endCompute@utils@@SAXPEAVVulkanContext@@PEAUVkCommandBuffer_T@@@Z) already defined in utils.obj
main.obj : error LNK2005: "private: static void __cdecl utils::submitIt(class VulkanContext *,struct VkCommandBuffer_T *,bool)" (?submitIt@utils@@CAXPEAVVulkanContext@@PEAUVkCommandBuffer_T@@_N@Z) already defined in utils.obj
main.obj : error LNK2005: "public: static void __cdecl utils::beginFrame(class VulkanContext *)" (?beginFrame@utils@@SAXPEAVVulkanContext@@@Z) already defined in utils.obj
main.obj : error LNK2005: "public: static void __cdecl utils::beginCompute(class VulkanContext *)" (?beginCompute@utils@@SAXPEAVVulkanContext@@@Z) already defined in utils.obj
main.obj : error LNK2005: "private: static void __cdecl utils::doBegin(class VulkanContext *,bool)" (?doBegin@utils@@CAXPEAVVulkanContext@@_N@Z) already defined in utils.obj
Framebuffer.obj : error LNK2001: unresolved external symbol "public: __cdecl Framebuffer::~Framebuffer(void)" (??1Framebuffer@@QEAA@XZ)
ShaderManager.obj : error LNK2001: unresolved external symbol "public: char const * __cdecl glslang::TShader::getInfoDebugLog(void)" (?getInfoDebugLog@TShader@glslang@@QEAAPEBDXZ)
ShaderManager.obj : error LNK2001: unresolved external symbol "public: char const * __cdecl glslang::TShader::getInfoLog(void)" (?getInfoLog@TShader@glslang@@QEAAPEBDXZ)
ShaderManager.obj : error LNK2001: unresolved external symbol "public: bool __cdecl glslang::TShader::parse(struct TBuiltInResource const *,int,enum EProfile,bool,bool,enum EShMessages,class glslang::TShader::Includer &)" (?parse@TShader@glslang@@QEAA_NPEBUTBuiltInResource@@HW4EProfile@@_N2W4EShMessages@@AEAVIncluder@12@@Z)
ShaderManager.obj : error LNK2001: unresolved external symbol "public: void __cdecl glslang::TShader::setStringsWithLengthsAndNames(char const * const *,int const *,char const * const *,int)" (?setStringsWithLengthsAndNames@TShader@glslang@@QEAAXPEBQEBDPEBH0H@Z)
ShaderManager.obj : error LNK2001: unresolved external symbol "public: virtual __cdecl glslang::TShader::~TShader(void)" (??1TShader@glslang@@UEAA@XZ)
ShaderManager.obj : error LNK2001: unresolved external symbol "public: __cdecl glslang::TShader::TShader(enum EShLanguage)" (??0TShader@glslang@@QEAA@W4EShLanguage@@@Z)
ShaderManager.obj : error LNK2001: unresolved external symbol "void __cdecl glslang::GlslangToSpv(class glslang::TIntermediate const &,class std::vector<unsigned int,class std::allocator<unsigned int> > &,struct glslang::SpvOptions *)" (?GlslangToSpv@glslang@@YAXAEBVTIntermediate@1@AEAV?$vector@IV?$allocator@I@std@@@std@@PEAUSpvOptions@1@@Z)
ShaderManager.obj : error LNK2001: unresolved external symbol "bool __cdecl glslang::InitializeProcess(void)" (?InitializeProcess@glslang@@YA_NXZ)
ShaderManager.obj : error LNK2001: unresolved external symbol "public: char const * __cdecl glslang::TProgram::getInfoDebugLog(void)" (?getInfoDebugLog@TProgram@glslang@@QEAAPEBDXZ)
ShaderManager.obj : error LNK2001: unresolved external symbol "public: char const * __cdecl glslang::TProgram::getInfoLog(void)" (?getInfoLog@TProgram@glslang@@QEAAPEBDXZ)
ShaderManager.obj : error LNK2001: unresolved external symbol "public: bool __cdecl glslang::TProgram::link(enum EShMessages)" (?link@TProgram@glslang@@QEAA_NW4EShMessages@@@Z)
ShaderManager.obj : error LNK2001: unresolved external symbol "public: virtual __cdecl glslang::TProgram::~TProgram(void)" (??1TProgram@glslang@@UEAA@XZ)
ShaderManager.obj : error LNK2001: unresolved external symbol "public: __cdecl glslang::TProgram::TProgram(void)" (??0TProgram@glslang@@QEAA@XZ)
ShaderManager.obj : error LNK2001: unresolved external symbol "void __cdecl glslang::FinalizeProcess(void)" (?FinalizeProcess@glslang@@YAXXZ)
Text.obj : error LNK2001: unresolved external symbol "public: static class json11::Json __cdecl json11::Json::parse(class std::basic_string<char,struct std::char_traits<char>,class std::allocator<char> > const &,class std::basic_string<char,struct std::char_traits<char>,class std::allocator<char> > &,enum json11::JsonParse)" (?parse@Json@json11@@SA?AV12@AEBV?$basic_string@DU?$char_traits@D@std@@V?$allocator@D@2@@std@@AEAV34@W4JsonParse@2@@Z)
Text.obj : error LNK2001: unresolved external symbol "public: class json11::Json const & __cdecl json11::Json::operator[](class std::basic_string<char,struct std::char_traits<char>,class std::allocator<char> > const &)const " (??AJson@json11@@QEBAAEBV01@AEBV?$basic_string@DU?$char_traits@D@std@@V?$allocator@D@2@@std@@@Z)
Text.obj : error LNK2001: unresolved external symbol "public: class std::map<class std::basic_string<char,struct std::char_traits<char>,class std::allocator<char> >,class json11::Json,struct std::less<class std::basic_string<char,struct std::char_traits<char>,class std::allocator<char> > >,class std::allocator<struct std::pair<class std::basic_string<char,struct std::char_traits<char>,class std::allocator<char> > const ,class json11::Json> > > const & __cdecl json11::Json::object_items(void)const " (?object_items@Json@json11@@QEBAAEBV?$map@V?$basic_string@DU?$char_traits@D@std@@V?$allocator@D@2@@std@@VJson@json11@@U?$less@V?$basic_string@DU?$char_traits@D@std@@V?$allocator@D@2@@std@@@2@V?$allocator@U?$pair@$$CBV?$basic_string@DU?$char_traits@D@std@@V?$allocator@D@2@@std@@VJson@json11@@@std@@@2@@std@@XZ)
Text.obj : error LNK2001: unresolved external symbol "public: int __cdecl json11::Json::int_value(void)const " (?int_value@Json@json11@@QEBAHXZ)
Text.obj : error LNK2001: unresolved external symbol "public: enum json11::Json::Type __cdecl json11::Json::type(void)const " (?type@Json@json11@@QEBA?AW4Type@12@XZ)
H:\Compute Shader\x64\Release\ETGG4804.exe : fatal error LNK1120: 20 unresolved externals
