c:\users\panasonic\desktop\etgg4804\etgg4804\etgg4804\x64\release\vc143.pdb
c:\users\panasonic\desktop\etgg4804\etgg4804\etgg4804\x64\release\etgg4804.obj
c:\users\panasonic\desktop\etgg4804\etgg4804\etgg4804\x64\release\math2801.obj
c:\users\panasonic\desktop\etgg4804\etgg4804\etgg4804\x64\release\testharness.obj
c:\users\panasonic\desktop\etgg4804\etgg4804\etgg4804\x64\release\readscene.obj
c:\users\panasonic\desktop\etgg4804\etgg4804\etgg4804\x64\release\readply.obj
c:\users\panasonic\desktop\etgg4804\etgg4804\etgg4804\x64\release\simdreduce.obj
f:\simd raytracing\etgg4804\x64\release\vc143.pdb
f:\simd raytracing\etgg4804\x64\release\readscene.obj
f:\simd raytracing\etgg4804\x64\release\readply.obj
f:\simd raytracing\etgg4804\x64\release\math2801.obj
c:\users\panasonic\desktop\etgg4804\etgg4804\x64\release\etgg4804.exe
c:\users\panasonic\desktop\etgg4804\etgg4804\etgg4804\x64\release\etgg4804.ipdb
c:\users\panasonic\desktop\etgg4804\etgg4804\x64\release\etgg4804.pdb
c:\users\panasonic\desktop\etgg4804\etgg4804\etgg4804\x64\release\etgg4804.iobj
f:\simd raytracing\etgg4804\x64\release\simdreduce.obj
f:\simd raytracing\etgg4804\x64\release\testharness.obj
f:\simd raytracing\etgg4804\x64\release\etgg4804.ipdb
f:\simd raytracing\etgg4804\x64\release\etgg4804.iobj
f:\simd raytracing\x64\release\etgg4804.pdb
f:\simd raytracing\x64\release\etgg4804.exe
f:\simd raytracing\etgg4804\x64\release\etgg4804.tlog\cl.command.1.tlog
f:\simd raytracing\etgg4804\x64\release\etgg4804.tlog\cl.read.1.tlog
f:\simd raytracing\etgg4804\x64\release\etgg4804.tlog\cl.write.1.tlog
f:\simd raytracing\etgg4804\x64\release\etgg4804.tlog\link.command.1.tlog
f:\simd raytracing\etgg4804\x64\release\etgg4804.tlog\link.read.1.tlog
f:\simd raytracing\etgg4804\x64\release\etgg4804.tlog\link.write.1.tlog
