  sha256.cpp
G:\Compute Shader Buffer\sha256.cpp(211,16): warning C4477: 'printf' : format string '%lu' requires an argument of type 'unsigned long', but variadic argument 1 has type 'size_t'
G:\Compute Shader Buffer\sha256.cpp(211,16): message : consider using '%zu' in the format string
LINK : warning LNK4075: ignoring '/INCREMENTAL' due to '/LTCG' specification
  Generating code
  1 of 2919 functions (<0.1%) were compiled, the rest were copied from previous compilation.
    0 functions were new in current compilation
    0 functions had inline decision re-evaluated but remain unchanged
  Finished generating code
MachineIndependent.lib(ShaderLang.obj) : warning LNK4099: PDB '' was not found with 'MachineIndependent.lib(ShaderLang.obj)' or at ''; linking object as if no debug info
MachineIndependent.lib(PoolAlloc.obj) : warning LNK4099: PDB '' was not found with 'MachineIndependent.lib(PoolAlloc.obj)' or at ''; linking object as if no debug info
MachineIndependent.lib(Versions.obj) : warning LNK4099: PDB '' was not found with 'MachineIndependent.lib(Versions.obj)' or at ''; linking object as if no debug info
MachineIndependent.lib(Intermediate.obj) : warning LNK4099: PDB '' was not found with 'MachineIndependent.lib(Intermediate.obj)' or at ''; linking object as if no debug info
MachineIndependent.lib(IntermTraverse.obj) : warning LNK4099: PDB '' was not found with 'MachineIndependent.lib(IntermTraverse.obj)' or at ''; linking object as if no debug info
MachineIndependent.lib(InfoSink.obj) : warning LNK4099: PDB '' was not found with 'MachineIndependent.lib(InfoSink.obj)' or at ''; linking object as if no debug info
MachineIndependent.lib(SymbolTable.obj) : warning LNK4099: PDB '' was not found with 'MachineIndependent.lib(SymbolTable.obj)' or at ''; linking object as if no debug info
MachineIndependent.lib(Scan.obj) : warning LNK4099: PDB '' was not found with 'MachineIndependent.lib(Scan.obj)' or at ''; linking object as if no debug info
MachineIndependent.lib(intermOut.obj) : warning LNK4099: PDB '' was not found with 'MachineIndependent.lib(intermOut.obj)' or at ''; linking object as if no debug info
MachineIndependent.lib(linkValidate.obj) : warning LNK4099: PDB '' was not found with 'MachineIndependent.lib(linkValidate.obj)' or at ''; linking object as if no debug info
MachineIndependent.lib(ParseHelper.obj) : warning LNK4099: PDB '' was not found with 'MachineIndependent.lib(ParseHelper.obj)' or at ''; linking object as if no debug info
MachineIndependent.lib(hlslParseHelper.obj) : warning LNK4099: PDB '' was not found with 'MachineIndependent.lib(hlslParseHelper.obj)' or at ''; linking object as if no debug info
MachineIndependent.lib(Initialize.obj) : warning LNK4099: PDB '' was not found with 'MachineIndependent.lib(Initialize.obj)' or at ''; linking object as if no debug info
MachineIndependent.lib(hlslParseables.obj) : warning LNK4099: PDB '' was not found with 'MachineIndependent.lib(hlslParseables.obj)' or at ''; linking object as if no debug info
MachineIndependent.lib(hlslScanContext.obj) : warning LNK4099: PDB '' was not found with 'MachineIndependent.lib(hlslScanContext.obj)' or at ''; linking object as if no debug info
MachineIndependent.lib(PpContext.obj) : warning LNK4099: PDB '' was not found with 'MachineIndependent.lib(PpContext.obj)' or at ''; linking object as if no debug info
MachineIndependent.lib(PpScanner.obj) : warning LNK4099: PDB '' was not found with 'MachineIndependent.lib(PpScanner.obj)' or at ''; linking object as if no debug info
MachineIndependent.lib(reflection.obj) : warning LNK4099: PDB '' was not found with 'MachineIndependent.lib(reflection.obj)' or at ''; linking object as if no debug info
MachineIndependent.lib(iomapper.obj) : warning LNK4099: PDB '' was not found with 'MachineIndependent.lib(iomapper.obj)' or at ''; linking object as if no debug info
MachineIndependent.lib(cmake_pch.obj) : warning LNK4099: PDB '' was not found with 'MachineIndependent.lib(cmake_pch.obj)' or at ''; linking object as if no debug info
MachineIndependent.lib(Constant.obj) : warning LNK4099: PDB '' was not found with 'MachineIndependent.lib(Constant.obj)' or at ''; linking object as if no debug info
MachineIndependent.lib(RemoveTree.obj) : warning LNK4099: PDB '' was not found with 'MachineIndependent.lib(RemoveTree.obj)' or at ''; linking object as if no debug info
MachineIndependent.lib(propagateNoContraction.obj) : warning LNK4099: PDB '' was not found with 'MachineIndependent.lib(propagateNoContraction.obj)' or at ''; linking object as if no debug info
MachineIndependent.lib(SpirvIntrinsics.obj) : warning LNK4099: PDB '' was not found with 'MachineIndependent.lib(SpirvIntrinsics.obj)' or at ''; linking object as if no debug info
MachineIndependent.lib(ParseContextBase.obj) : warning LNK4099: PDB '' was not found with 'MachineIndependent.lib(ParseContextBase.obj)' or at ''; linking object as if no debug info
MachineIndependent.lib(limits.obj) : warning LNK4099: PDB '' was not found with 'MachineIndependent.lib(limits.obj)' or at ''; linking object as if no debug info
MachineIndependent.lib(glslang_tab.obj) : warning LNK4099: PDB '' was not found with 'MachineIndependent.lib(glslang_tab.obj)' or at ''; linking object as if no debug info
MachineIndependent.lib(attribute.obj) : warning LNK4099: PDB '' was not found with 'MachineIndependent.lib(attribute.obj)' or at ''; linking object as if no debug info
MachineIndependent.lib(hlslGrammar.obj) : warning LNK4099: PDB '' was not found with 'MachineIndependent.lib(hlslGrammar.obj)' or at ''; linking object as if no debug info
MachineIndependent.lib(PpAtom.obj) : warning LNK4099: PDB '' was not found with 'MachineIndependent.lib(PpAtom.obj)' or at ''; linking object as if no debug info
MachineIndependent.lib(Pp.obj) : warning LNK4099: PDB '' was not found with 'MachineIndependent.lib(Pp.obj)' or at ''; linking object as if no debug info
MachineIndependent.lib(parseConst.obj) : warning LNK4099: PDB '' was not found with 'MachineIndependent.lib(parseConst.obj)' or at ''; linking object as if no debug info
MachineIndependent.lib(hlslAttributes.obj) : warning LNK4099: PDB '' was not found with 'MachineIndependent.lib(hlslAttributes.obj)' or at ''; linking object as if no debug info
MachineIndependent.lib(hlslOpMap.obj) : warning LNK4099: PDB '' was not found with 'MachineIndependent.lib(hlslOpMap.obj)' or at ''; linking object as if no debug info
MachineIndependent.lib(hlslTokenStream.obj) : warning LNK4099: PDB '' was not found with 'MachineIndependent.lib(hlslTokenStream.obj)' or at ''; linking object as if no debug info
MachineIndependent.lib(PpTokens.obj) : warning LNK4099: PDB '' was not found with 'MachineIndependent.lib(PpTokens.obj)' or at ''; linking object as if no debug info
OGLCompiler.lib(InitializeDll.obj) : warning LNK4099: PDB '' was not found with 'OGLCompiler.lib(InitializeDll.obj)' or at ''; linking object as if no debug info
GenericCodeGen.lib(CodeGen.obj) : warning LNK4099: PDB '' was not found with 'GenericCodeGen.lib(CodeGen.obj)' or at ''; linking object as if no debug info
GenericCodeGen.lib(Link.obj) : warning LNK4099: PDB '' was not found with 'GenericCodeGen.lib(Link.obj)' or at ''; linking object as if no debug info
OSDependent.lib(ossource.obj) : warning LNK4099: PDB '' was not found with 'OSDependent.lib(ossource.obj)' or at ''; linking object as if no debug info
SPIRV.lib(GlslangToSpv.obj) : warning LNK4099: PDB '' was not found with 'SPIRV.lib(GlslangToSpv.obj)' or at ''; linking object as if no debug info
SPIRV.lib(Logger.obj) : warning LNK4099: PDB '' was not found with 'SPIRV.lib(Logger.obj)' or at ''; linking object as if no debug info
SPIRV.lib(SpvTools.obj) : warning LNK4099: PDB '' was not found with 'SPIRV.lib(SpvTools.obj)' or at ''; linking object as if no debug info
SPIRV.lib(SpvBuilder.obj) : warning LNK4099: PDB '' was not found with 'SPIRV.lib(SpvBuilder.obj)' or at ''; linking object as if no debug info
SPIRV.lib(SpvPostProcess.obj) : warning LNK4099: PDB '' was not found with 'SPIRV.lib(SpvPostProcess.obj)' or at ''; linking object as if no debug info
SPIRV.lib(InReadableOrder.obj) : warning LNK4099: PDB '' was not found with 'SPIRV.lib(InReadableOrder.obj)' or at ''; linking object as if no debug info
SPIRV-Tools-opt.lib(optimizer.obj) : warning LNK4099: PDB '' was not found with 'SPIRV-Tools-opt.lib(optimizer.obj)' or at ''; linking object as if no debug info
SPIRV-Tools-opt.lib(module.obj) : warning LNK4099: PDB '' was not found with 'SPIRV-Tools-opt.lib(module.obj)' or at ''; linking object as if no debug info
SPIRV-Tools-opt.lib(loop_descriptor.obj) : warning LNK4099: PDB '' was not found with 'SPIRV-Tools-opt.lib(loop_descriptor.obj)' or at ''; linking object as if no debug info
SPIRV-Tools-opt.lib(pass.obj) : warning LNK4099: PDB '' was not found with 'SPIRV-Tools-opt.lib(pass.obj)' or at ''; linking object as if no debug info
SPIRV-Tools-opt.lib(mem_pass.obj) : warning LNK4099: PDB '' was not found with 'SPIRV-Tools-opt.lib(mem_pass.obj)' or at ''; linking object as if no debug info
SPIRV-Tools-opt.lib(build_module.obj) : warning LNK4099: PDB '' was not found with 'SPIRV-Tools-opt.lib(build_module.obj)' or at ''; linking object as if no debug info
SPIRV-Tools-opt.lib(graphics_robust_access_pass.obj) : warning LNK4099: PDB '' was not found with 'SPIRV-Tools-opt.lib(graphics_robust_access_pass.obj)' or at ''; linking object as if no debug info
SPIRV-Tools-opt.lib(pass_manager.obj) : warning LNK4099: PDB '' was not found with 'SPIRV-Tools-opt.lib(pass_manager.obj)' or at ''; linking object as if no debug info
SPIRV-Tools-opt.lib(aggressive_dead_code_elim_pass.obj) : warning LNK4099: PDB '' was not found with 'SPIRV-Tools-opt.lib(aggressive_dead_code_elim_pass.obj)' or at ''; linking object as if no debug info
SPIRV-Tools-opt.lib(amd_ext_to_khr.obj) : warning LNK4099: PDB '' was not found with 'SPIRV-Tools-opt.lib(amd_ext_to_khr.obj)' or at ''; linking object as if no debug info
SPIRV-Tools-opt.lib(analyze_live_input_pass.obj) : warning LNK4099: PDB '' was not found with 'SPIRV-Tools-opt.lib(analyze_live_input_pass.obj)' or at ''; linking object as if no debug info
SPIRV-Tools-opt.lib(block_merge_pass.obj) : warning LNK4099: PDB '' was not found with 'SPIRV-Tools-opt.lib(block_merge_pass.obj)' or at ''; linking object as if no debug info
SPIRV-Tools-opt.lib(ccp_pass.obj) : warning LNK4099: PDB '' was not found with 'SPIRV-Tools-opt.lib(ccp_pass.obj)' or at ''; linking object as if no debug info
SPIRV-Tools-opt.lib(cfg_cleanup_pass.obj) : warning LNK4099: PDB '' was not found with 'SPIRV-Tools-opt.lib(cfg_cleanup_pass.obj)' or at ''; linking object as if no debug info
SPIRV-Tools-opt.lib(code_sink.obj) : warning LNK4099: PDB '' was not found with 'SPIRV-Tools-opt.lib(code_sink.obj)' or at ''; linking object as if no debug info
SPIRV-Tools-opt.lib(combine_access_chains.obj) : warning LNK4099: PDB '' was not found with 'SPIRV-Tools-opt.lib(combine_access_chains.obj)' or at ''; linking object as if no debug info
SPIRV-Tools-opt.lib(compact_ids_pass.obj) : warning LNK4099: PDB '' was not found with 'SPIRV-Tools-opt.lib(compact_ids_pass.obj)' or at ''; linking object as if no debug info
SPIRV-Tools-opt.lib(convert_to_half_pass.obj) : warning LNK4099: PDB '' was not found with 'SPIRV-Tools-opt.lib(convert_to_half_pass.obj)' or at ''; linking object as if no debug info
SPIRV-Tools-opt.lib(convert_to_sampled_image_pass.obj) : warning LNK4099: PDB '' was not found with 'SPIRV-Tools-opt.lib(convert_to_sampled_image_pass.obj)' or at ''; linking object as if no debug info
SPIRV-Tools-opt.lib(copy_prop_arrays.obj) : warning LNK4099: PDB '' was not found with 'SPIRV-Tools-opt.lib(copy_prop_arrays.obj)' or at ''; linking object as if no debug info
SPIRV-Tools-opt.lib(dead_branch_elim_pass.obj) : warning LNK4099: PDB '' was not found with 'SPIRV-Tools-opt.lib(dead_branch_elim_pass.obj)' or at ''; linking object as if no debug info
SPIRV-Tools-opt.lib(dead_insert_elim_pass.obj) : warning LNK4099: PDB '' was not found with 'SPIRV-Tools-opt.lib(dead_insert_elim_pass.obj)' or at ''; linking object as if no debug info
SPIRV-Tools-opt.lib(dead_variable_elimination.obj) : warning LNK4099: PDB '' was not found with 'SPIRV-Tools-opt.lib(dead_variable_elimination.obj)' or at ''; linking object as if no debug info
SPIRV-Tools-opt.lib(desc_sroa.obj) : warning LNK4099: PDB '' was not found with 'SPIRV-Tools-opt.lib(desc_sroa.obj)' or at ''; linking object as if no debug info
SPIRV-Tools-opt.lib(eliminate_dead_constant_pass.obj) : warning LNK4099: PDB '' was not found with 'SPIRV-Tools-opt.lib(eliminate_dead_constant_pass.obj)' or at ''; linking object as if no debug info
SPIRV-Tools-opt.lib(eliminate_dead_functions_pass.obj) : warning LNK4099: PDB '' was not found with 'SPIRV-Tools-opt.lib(eliminate_dead_functions_pass.obj)' or at ''; linking object as if no debug info
SPIRV-Tools-opt.lib(eliminate_dead_io_components_pass.obj) : warning LNK4099: PDB '' was not found with 'SPIRV-Tools-opt.lib(eliminate_dead_io_components_pass.obj)' or at ''; linking object as if no debug info
SPIRV-Tools-opt.lib(eliminate_dead_members_pass.obj) : warning LNK4099: PDB '' was not found with 'SPIRV-Tools-opt.lib(eliminate_dead_members_pass.obj)' or at ''; linking object as if no debug info
SPIRV-Tools-opt.lib(eliminate_dead_output_stores_pass.obj) : warning LNK4099: PDB '' was not found with 'SPIRV-Tools-opt.lib(eliminate_dead_output_stores_pass.obj)' or at ''; linking object as if no debug info
SPIRV-Tools-opt.lib(fix_func_call_arguments.obj) : warning LNK4099: PDB '' was not found with 'SPIRV-Tools-opt.lib(fix_func_call_arguments.obj)' or at ''; linking object as if no debug info
SPIRV-Tools-opt.lib(fix_storage_class.obj) : warning LNK4099: PDB '' was not found with 'SPIRV-Tools-opt.lib(fix_storage_class.obj)' or at ''; linking object as if no debug info
SPIRV-Tools-opt.lib(flatten_decoration_pass.obj) : warning LNK4099: PDB '' was not found with 'SPIRV-Tools-opt.lib(flatten_decoration_pass.obj)' or at ''; linking object as if no debug info
SPIRV-Tools-opt.lib(fold_spec_constant_op_and_composite_pass.obj) : warning LNK4099: PDB '' was not found with 'SPIRV-Tools-opt.lib(fold_spec_constant_op_and_composite_pass.obj)' or at ''; linking object as if no debug info
SPIRV-Tools-opt.lib(freeze_spec_constant_value_pass.obj) : warning LNK4099: PDB '' was not found with 'SPIRV-Tools-opt.lib(freeze_spec_constant_value_pass.obj)' or at ''; linking object as if no debug info
SPIRV-Tools-opt.lib(if_conversion.obj) : warning LNK4099: PDB '' was not found with 'SPIRV-Tools-opt.lib(if_conversion.obj)' or at ''; linking object as if no debug info
SPIRV-Tools-opt.lib(inline_exhaustive_pass.obj) : warning LNK4099: PDB '' was not found with 'SPIRV-Tools-opt.lib(inline_exhaustive_pass.obj)' or at ''; linking object as if no debug info
SPIRV-Tools-opt.lib(inline_opaque_pass.obj) : warning LNK4099: PDB '' was not found with 'SPIRV-Tools-opt.lib(inline_opaque_pass.obj)' or at ''; linking object as if no debug info
SPIRV-Tools-opt.lib(instrument_pass.obj) : warning LNK4099: PDB '' was not found with 'SPIRV-Tools-opt.lib(instrument_pass.obj)' or at ''; linking object as if no debug info
SPIRV-Tools-opt.lib(inst_bindless_check_pass.obj) : warning LNK4099: PDB '' was not found with 'SPIRV-Tools-opt.lib(inst_bindless_check_pass.obj)' or at ''; linking object as if no debug info
SPIRV-Tools-opt.lib(inst_buff_addr_check_pass.obj) : warning LNK4099: PDB '' was not found with 'SPIRV-Tools-opt.lib(inst_buff_addr_check_pass.obj)' or at ''; linking object as if no debug info
SPIRV-Tools-opt.lib(inst_debug_printf_pass.obj) : warning LNK4099: PDB '' was not found with 'SPIRV-Tools-opt.lib(inst_debug_printf_pass.obj)' or at ''; linking object as if no debug info
SPIRV-Tools-opt.lib(interface_var_sroa.obj) : warning LNK4099: PDB '' was not found with 'SPIRV-Tools-opt.lib(interface_var_sroa.obj)' or at ''; linking object as if no debug info
SPIRV-Tools-opt.lib(interp_fixup_pass.obj) : warning LNK4099: PDB '' was not found with 'SPIRV-Tools-opt.lib(interp_fixup_pass.obj)' or at ''; linking object as if no debug info
SPIRV-Tools-opt.lib(licm_pass.obj) : warning LNK4099: PDB '' was not found with 'SPIRV-Tools-opt.lib(licm_pass.obj)' or at ''; linking object as if no debug info
SPIRV-Tools-opt.lib(local_access_chain_convert_pass.obj) : warning LNK4099: PDB '' was not found with 'SPIRV-Tools-opt.lib(local_access_chain_convert_pass.obj)' or at ''; linking object as if no debug info
SPIRV-Tools-opt.lib(local_redundancy_elimination.obj) : warning LNK4099: PDB '' was not found with 'SPIRV-Tools-opt.lib(local_redundancy_elimination.obj)' or at ''; linking object as if no debug info
SPIRV-Tools-opt.lib(local_single_block_elim_pass.obj) : warning LNK4099: PDB '' was not found with 'SPIRV-Tools-opt.lib(local_single_block_elim_pass.obj)' or at ''; linking object as if no debug info
SPIRV-Tools-opt.lib(local_single_store_elim_pass.obj) : warning LNK4099: PDB '' was not found with 'SPIRV-Tools-opt.lib(local_single_store_elim_pass.obj)' or at ''; linking object as if no debug info
SPIRV-Tools-opt.lib(loop_fission.obj) : warning LNK4099: PDB '' was not found with 'SPIRV-Tools-opt.lib(loop_fission.obj)' or at ''; linking object as if no debug info
SPIRV-Tools-opt.lib(loop_fusion_pass.obj) : warning LNK4099: PDB '' was not found with 'SPIRV-Tools-opt.lib(loop_fusion_pass.obj)' or at ''; linking object as if no debug info
SPIRV-Tools-opt.lib(loop_peeling.obj) : warning LNK4099: PDB '' was not found with 'SPIRV-Tools-opt.lib(loop_peeling.obj)' or at ''; linking object as if no debug info
SPIRV-Tools-opt.lib(loop_unroller.obj) : warning LNK4099: PDB '' was not found with 'SPIRV-Tools-opt.lib(loop_unroller.obj)' or at ''; linking object as if no debug info
SPIRV-Tools-opt.lib(loop_unswitch_pass.obj) : warning LNK4099: PDB '' was not found with 'SPIRV-Tools-opt.lib(loop_unswitch_pass.obj)' or at ''; linking object as if no debug info
SPIRV-Tools-opt.lib(merge_return_pass.obj) : warning LNK4099: PDB '' was not found with 'SPIRV-Tools-opt.lib(merge_return_pass.obj)' or at ''; linking object as if no debug info
SPIRV-Tools-opt.lib(private_to_local_pass.obj) : warning LNK4099: PDB '' was not found with 'SPIRV-Tools-opt.lib(private_to_local_pass.obj)' or at ''; linking object as if no debug info
SPIRV-Tools-opt.lib(reduce_load_size.obj) : warning LNK4099: PDB '' was not found with 'SPIRV-Tools-opt.lib(reduce_load_size.obj)' or at ''; linking object as if no debug info
SPIRV-Tools-opt.lib(redundancy_elimination.obj) : warning LNK4099: PDB '' was not found with 'SPIRV-Tools-opt.lib(redundancy_elimination.obj)' or at ''; linking object as if no debug info
SPIRV-Tools-opt.lib(relax_float_ops_pass.obj) : warning LNK4099: PDB '' was not found with 'SPIRV-Tools-opt.lib(relax_float_ops_pass.obj)' or at ''; linking object as if no debug info
SPIRV-Tools-opt.lib(remove_dontinline_pass.obj) : warning LNK4099: PDB '' was not found with 'SPIRV-Tools-opt.lib(remove_dontinline_pass.obj)' or at ''; linking object as if no debug info
SPIRV-Tools-opt.lib(remove_duplicates_pass.obj) : warning LNK4099: PDB '' was not found with 'SPIRV-Tools-opt.lib(remove_duplicates_pass.obj)' or at ''; linking object as if no debug info
SPIRV-Tools-opt.lib(remove_unused_interface_variables_pass.obj) : warning LNK4099: PDB '' was not found with 'SPIRV-Tools-opt.lib(remove_unused_interface_variables_pass.obj)' or at ''; linking object as if no debug info
SPIRV-Tools-opt.lib(replace_desc_array_access_using_var_index.obj) : warning LNK4099: PDB '' was not found with 'SPIRV-Tools-opt.lib(replace_desc_array_access_using_var_index.obj)' or at ''; linking object as if no debug info
SPIRV-Tools-opt.lib(replace_invalid_opc.obj) : warning LNK4099: PDB '' was not found with 'SPIRV-Tools-opt.lib(replace_invalid_opc.obj)' or at ''; linking object as if no debug info
SPIRV-Tools-opt.lib(scalar_replacement_pass.obj) : warning LNK4099: PDB '' was not found with 'SPIRV-Tools-opt.lib(scalar_replacement_pass.obj)' or at ''; linking object as if no debug info
SPIRV-Tools-opt.lib(set_spec_constant_default_value_pass.obj) : warning LNK4099: PDB '' was not found with 'SPIRV-Tools-opt.lib(set_spec_constant_default_value_pass.obj)' or at ''; linking object as if no debug info
SPIRV-Tools-opt.lib(simplification_pass.obj) : warning LNK4099: PDB '' was not found with 'SPIRV-Tools-opt.lib(simplification_pass.obj)' or at ''; linking object as if no debug info
SPIRV-Tools-opt.lib(spread_volatile_semantics.obj) : warning LNK4099: PDB '' was not found with 'SPIRV-Tools-opt.lib(spread_volatile_semantics.obj)' or at ''; linking object as if no debug info
SPIRV-Tools-opt.lib(ssa_rewrite_pass.obj) : warning LNK4099: PDB '' was not found with 'SPIRV-Tools-opt.lib(ssa_rewrite_pass.obj)' or at ''; linking object as if no debug info
SPIRV-Tools-opt.lib(strength_reduction_pass.obj) : warning LNK4099: PDB '' was not found with 'SPIRV-Tools-opt.lib(strength_reduction_pass.obj)' or at ''; linking object as if no debug info
SPIRV-Tools-opt.lib(strip_debug_info_pass.obj) : warning LNK4099: PDB '' was not found with 'SPIRV-Tools-opt.lib(strip_debug_info_pass.obj)' or at ''; linking object as if no debug info
SPIRV-Tools-opt.lib(strip_nonsemantic_info_pass.obj) : warning LNK4099: PDB '' was not found with 'SPIRV-Tools-opt.lib(strip_nonsemantic_info_pass.obj)' or at ''; linking object as if no debug info
SPIRV-Tools-opt.lib(unify_const_pass.obj) : warning LNK4099: PDB '' was not found with 'SPIRV-Tools-opt.lib(unify_const_pass.obj)' or at ''; linking object as if no debug info
SPIRV-Tools-opt.lib(upgrade_memory_model.obj) : warning LNK4099: PDB '' was not found with 'SPIRV-Tools-opt.lib(upgrade_memory_model.obj)' or at ''; linking object as if no debug info
SPIRV-Tools-opt.lib(vector_dce.obj) : warning LNK4099: PDB '' was not found with 'SPIRV-Tools-opt.lib(vector_dce.obj)' or at ''; linking object as if no debug info
SPIRV-Tools-opt.lib(workaround1209.obj) : warning LNK4099: PDB '' was not found with 'SPIRV-Tools-opt.lib(workaround1209.obj)' or at ''; linking object as if no debug info
SPIRV-Tools-opt.lib(wrap_opkill.obj) : warning LNK4099: PDB '' was not found with 'SPIRV-Tools-opt.lib(wrap_opkill.obj)' or at ''; linking object as if no debug info
SPIRV-Tools-opt.lib(pch_source_opt.obj) : warning LNK4099: PDB '' was not found with 'SPIRV-Tools-opt.lib(pch_source_opt.obj)' or at ''; linking object as if no debug info
SPIRV-Tools-opt.lib(instruction.obj) : warning LNK4099: PDB '' was not found with 'SPIRV-Tools-opt.lib(instruction.obj)' or at ''; linking object as if no debug info
SPIRV-Tools-opt.lib(function.obj) : warning LNK4099: PDB '' was not found with 'SPIRV-Tools-opt.lib(function.obj)' or at ''; linking object as if no debug info
SPIRV-Tools-opt.lib(types.obj) : warning LNK4099: PDB '' was not found with 'SPIRV-Tools-opt.lib(types.obj)' or at ''; linking object as if no debug info
SPIRV-Tools-opt.lib(type_manager.obj) : warning LNK4099: PDB '' was not found with 'SPIRV-Tools-opt.lib(type_manager.obj)' or at ''; linking object as if no debug info
SPIRV-Tools-opt.lib(feature_manager.obj) : warning LNK4099: PDB '' was not found with 'SPIRV-Tools-opt.lib(feature_manager.obj)' or at ''; linking object as if no debug info
SPIRV-Tools-opt.lib(basic_block.obj) : warning LNK4099: PDB '' was not found with 'SPIRV-Tools-opt.lib(basic_block.obj)' or at ''; linking object as if no debug info
SPIRV-Tools-opt.lib(def_use_manager.obj) : warning LNK4099: PDB '' was not found with 'SPIRV-Tools-opt.lib(def_use_manager.obj)' or at ''; linking object as if no debug info
SPIRV-Tools-opt.lib(cfg.obj) : warning LNK4099: PDB '' was not found with 'SPIRV-Tools-opt.lib(cfg.obj)' or at ''; linking object as if no debug info
SPIRV-Tools-opt.lib(constants.obj) : warning LNK4099: PDB '' was not found with 'SPIRV-Tools-opt.lib(constants.obj)' or at ''; linking object as if no debug info
SPIRV-Tools-opt.lib(dominator_tree.obj) : warning LNK4099: PDB '' was not found with 'SPIRV-Tools-opt.lib(dominator_tree.obj)' or at ''; linking object as if no debug info
SPIRV-Tools-opt.lib(ir_context.obj) : warning LNK4099: PDB '' was not found with 'SPIRV-Tools-opt.lib(ir_context.obj)' or at ''; linking object as if no debug info
SPIRV-Tools-opt.lib(instruction_list.obj) : warning LNK4099: PDB '' was not found with 'SPIRV-Tools-opt.lib(instruction_list.obj)' or at ''; linking object as if no debug info
SPIRV-Tools-opt.lib(ir_loader.obj) : warning LNK4099: PDB '' was not found with 'SPIRV-Tools-opt.lib(ir_loader.obj)' or at ''; linking object as if no debug info
SPIRV-Tools-opt.lib(decoration_manager.obj) : warning LNK4099: PDB '' was not found with 'SPIRV-Tools-opt.lib(decoration_manager.obj)' or at ''; linking object as if no debug info
SPIRV-Tools-opt.lib(debug_info_manager.obj) : warning LNK4099: PDB '' was not found with 'SPIRV-Tools-opt.lib(debug_info_manager.obj)' or at ''; linking object as if no debug info
SPIRV-Tools-opt.lib(struct_cfg_analysis.obj) : warning LNK4099: PDB '' was not found with 'SPIRV-Tools-opt.lib(struct_cfg_analysis.obj)' or at ''; linking object as if no debug info
SPIRV-Tools-opt.lib(eliminate_dead_functions_util.obj) : warning LNK4099: PDB '' was not found with 'SPIRV-Tools-opt.lib(eliminate_dead_functions_util.obj)' or at ''; linking object as if no debug info
SPIRV-Tools-opt.lib(const_folding_rules.obj) : warning LNK4099: PDB '' was not found with 'SPIRV-Tools-opt.lib(const_folding_rules.obj)' or at ''; linking object as if no debug info
SPIRV-Tools-opt.lib(folding_rules.obj) : warning LNK4099: PDB '' was not found with 'SPIRV-Tools-opt.lib(folding_rules.obj)' or at ''; linking object as if no debug info
SPIRV-Tools-opt.lib(fold.obj) : warning LNK4099: PDB '' was not found with 'SPIRV-Tools-opt.lib(fold.obj)' or at ''; linking object as if no debug info
SPIRV-Tools-opt.lib(liveness.obj) : warning LNK4099: PDB '' was not found with 'SPIRV-Tools-opt.lib(liveness.obj)' or at ''; linking object as if no debug info
SPIRV-Tools-opt.lib(block_merge_util.obj) : warning LNK4099: PDB '' was not found with 'SPIRV-Tools-opt.lib(block_merge_util.obj)' or at ''; linking object as if no debug info
SPIRV-Tools-opt.lib(propagator.obj) : warning LNK4099: PDB '' was not found with 'SPIRV-Tools-opt.lib(propagator.obj)' or at ''; linking object as if no debug info
SPIRV-Tools-opt.lib(dominator_analysis.obj) : warning LNK4099: PDB '' was not found with 'SPIRV-Tools-opt.lib(dominator_analysis.obj)' or at ''; linking object as if no debug info
SPIRV-Tools-opt.lib(composite.obj) : warning LNK4099: PDB '' was not found with 'SPIRV-Tools-opt.lib(composite.obj)' or at ''; linking object as if no debug info
SPIRV-Tools-opt.lib(desc_sroa_util.obj) : warning LNK4099: PDB '' was not found with 'SPIRV-Tools-opt.lib(desc_sroa_util.obj)' or at ''; linking object as if no debug info
SPIRV-Tools-opt.lib(value_number_table.obj) : warning LNK4099: PDB '' was not found with 'SPIRV-Tools-opt.lib(value_number_table.obj)' or at ''; linking object as if no debug info
SPIRV-Tools-opt.lib(inline_pass.obj) : warning LNK4099: PDB '' was not found with 'SPIRV-Tools-opt.lib(inline_pass.obj)' or at ''; linking object as if no debug info
SPIRV-Tools-opt.lib(register_pressure.obj) : warning LNK4099: PDB '' was not found with 'SPIRV-Tools-opt.lib(register_pressure.obj)' or at ''; linking object as if no debug info
SPIRV-Tools-opt.lib(scalar_analysis.obj) : warning LNK4099: PDB '' was not found with 'SPIRV-Tools-opt.lib(scalar_analysis.obj)' or at ''; linking object as if no debug info
SPIRV-Tools-opt.lib(loop_dependence.obj) : warning LNK4099: PDB '' was not found with 'SPIRV-Tools-opt.lib(loop_dependence.obj)' or at ''; linking object as if no debug info
SPIRV-Tools-opt.lib(loop_utils.obj) : warning LNK4099: PDB '' was not found with 'SPIRV-Tools-opt.lib(loop_utils.obj)' or at ''; linking object as if no debug info
SPIRV-Tools-opt.lib(loop_fusion.obj) : warning LNK4099: PDB '' was not found with 'SPIRV-Tools-opt.lib(loop_fusion.obj)' or at ''; linking object as if no debug info
SPIRV-Tools-opt.lib(scalar_analysis_simplification.obj) : warning LNK4099: PDB '' was not found with 'SPIRV-Tools-opt.lib(scalar_analysis_simplification.obj)' or at ''; linking object as if no debug info
SPIRV-Tools-opt.lib(loop_dependence_helpers.obj) : warning LNK4099: PDB '' was not found with 'SPIRV-Tools-opt.lib(loop_dependence_helpers.obj)' or at ''; linking object as if no debug info
SPIRV-Tools.lib(table.obj) : warning LNK4099: PDB '' was not found with 'SPIRV-Tools.lib(table.obj)' or at ''; linking object as if no debug info
SPIRV-Tools.lib(spirv_validator_options.obj) : warning LNK4099: PDB '' was not found with 'SPIRV-Tools.lib(spirv_validator_options.obj)' or at ''; linking object as if no debug info
SPIRV-Tools.lib(spirv_optimizer_options.obj) : warning LNK4099: PDB '' was not found with 'SPIRV-Tools.lib(spirv_optimizer_options.obj)' or at ''; linking object as if no debug info
SPIRV-Tools.lib(disassemble.obj) : warning LNK4099: PDB '' was not found with 'SPIRV-Tools.lib(disassemble.obj)' or at ''; linking object as if no debug info
SPIRV-Tools.lib(validate.obj) : warning LNK4099: PDB '' was not found with 'SPIRV-Tools.lib(validate.obj)' or at ''; linking object as if no debug info
SPIRV-Tools.lib(diagnostic.obj) : warning LNK4099: PDB '' was not found with 'SPIRV-Tools.lib(diagnostic.obj)' or at ''; linking object as if no debug info
SPIRV-Tools.lib(libspirv.obj) : warning LNK4099: PDB '' was not found with 'SPIRV-Tools.lib(libspirv.obj)' or at ''; linking object as if no debug info
SPIRV-Tools.lib(string_utils.obj) : warning LNK4099: PDB '' was not found with 'SPIRV-Tools.lib(string_utils.obj)' or at ''; linking object as if no debug info
SPIRV-Tools.lib(opcode.obj) : warning LNK4099: PDB '' was not found with 'SPIRV-Tools.lib(opcode.obj)' or at ''; linking object as if no debug info
SPIRV-Tools.lib(operand.obj) : warning LNK4099: PDB '' was not found with 'SPIRV-Tools.lib(operand.obj)' or at ''; linking object as if no debug info
SPIRV-Tools.lib(binary.obj) : warning LNK4099: PDB '' was not found with 'SPIRV-Tools.lib(binary.obj)' or at ''; linking object as if no debug info
SPIRV-Tools.lib(assembly_grammar.obj) : warning LNK4099: PDB '' was not found with 'SPIRV-Tools.lib(assembly_grammar.obj)' or at ''; linking object as if no debug info
SPIRV-Tools.lib(parse_number.obj) : warning LNK4099: PDB '' was not found with 'SPIRV-Tools.lib(parse_number.obj)' or at ''; linking object as if no debug info
SPIRV-Tools.lib(bit_vector.obj) : warning LNK4099: PDB '' was not found with 'SPIRV-Tools.lib(bit_vector.obj)' or at ''; linking object as if no debug info
SPIRV-Tools.lib(enum_string_mapping.obj) : warning LNK4099: PDB '' was not found with 'SPIRV-Tools.lib(enum_string_mapping.obj)' or at ''; linking object as if no debug info
SPIRV-Tools.lib(ext_inst.obj) : warning LNK4099: PDB '' was not found with 'SPIRV-Tools.lib(ext_inst.obj)' or at ''; linking object as if no debug info
SPIRV-Tools.lib(pch_source.obj) : warning LNK4099: PDB '' was not found with 'SPIRV-Tools.lib(pch_source.obj)' or at ''; linking object as if no debug info
SPIRV-Tools.lib(text.obj) : warning LNK4099: PDB '' was not found with 'SPIRV-Tools.lib(text.obj)' or at ''; linking object as if no debug info
SPIRV-Tools.lib(name_mapper.obj) : warning LNK4099: PDB '' was not found with 'SPIRV-Tools.lib(name_mapper.obj)' or at ''; linking object as if no debug info
SPIRV-Tools.lib(parsed_operand.obj) : warning LNK4099: PDB '' was not found with 'SPIRV-Tools.lib(parsed_operand.obj)' or at ''; linking object as if no debug info
SPIRV-Tools.lib(print.obj) : warning LNK4099: PDB '' was not found with 'SPIRV-Tools.lib(print.obj)' or at ''; linking object as if no debug info
SPIRV-Tools.lib(spirv_target_env.obj) : warning LNK4099: PDB '' was not found with 'SPIRV-Tools.lib(spirv_target_env.obj)' or at ''; linking object as if no debug info
SPIRV-Tools.lib(extensions.obj) : warning LNK4099: PDB '' was not found with 'SPIRV-Tools.lib(extensions.obj)' or at ''; linking object as if no debug info
SPIRV-Tools.lib(function.obj) : warning LNK4099: PDB '' was not found with 'SPIRV-Tools.lib(function.obj)' or at ''; linking object as if no debug info
SPIRV-Tools.lib(instruction.obj) : warning LNK4099: PDB '' was not found with 'SPIRV-Tools.lib(instruction.obj)' or at ''; linking object as if no debug info
SPIRV-Tools.lib(validation_state.obj) : warning LNK4099: PDB '' was not found with 'SPIRV-Tools.lib(validation_state.obj)' or at ''; linking object as if no debug info
SPIRV-Tools.lib(validate_cfg.obj) : warning LNK4099: PDB '' was not found with 'SPIRV-Tools.lib(validate_cfg.obj)' or at ''; linking object as if no debug info
SPIRV-Tools.lib(validate_id.obj) : warning LNK4099: PDB '' was not found with 'SPIRV-Tools.lib(validate_id.obj)' or at ''; linking object as if no debug info
SPIRV-Tools.lib(validate_adjacency.obj) : warning LNK4099: PDB '' was not found with 'SPIRV-Tools.lib(validate_adjacency.obj)' or at ''; linking object as if no debug info
SPIRV-Tools.lib(validate_interfaces.obj) : warning LNK4099: PDB '' was not found with 'SPIRV-Tools.lib(validate_interfaces.obj)' or at ''; linking object as if no debug info
SPIRV-Tools.lib(validate_memory.obj) : warning LNK4099: PDB '' was not found with 'SPIRV-Tools.lib(validate_memory.obj)' or at ''; linking object as if no debug info
SPIRV-Tools.lib(validate_layout.obj) : warning LNK4099: PDB '' was not found with 'SPIRV-Tools.lib(validate_layout.obj)' or at ''; linking object as if no debug info
SPIRV-Tools.lib(validate_instruction.obj) : warning LNK4099: PDB '' was not found with 'SPIRV-Tools.lib(validate_instruction.obj)' or at ''; linking object as if no debug info
SPIRV-Tools.lib(validate_decorations.obj) : warning LNK4099: PDB '' was not found with 'SPIRV-Tools.lib(validate_decorations.obj)' or at ''; linking object as if no debug info
SPIRV-Tools.lib(validate_builtins.obj) : warning LNK4099: PDB '' was not found with 'SPIRV-Tools.lib(validate_builtins.obj)' or at ''; linking object as if no debug info
SPIRV-Tools.lib(validate_type.obj) : warning LNK4099: PDB '' was not found with 'SPIRV-Tools.lib(validate_type.obj)' or at ''; linking object as if no debug info
SPIRV-Tools.lib(validate_constants.obj) : warning LNK4099: PDB '' was not found with 'SPIRV-Tools.lib(validate_constants.obj)' or at ''; linking object as if no debug info
SPIRV-Tools.lib(validate_arithmetics.obj) : warning LNK4099: PDB '' was not found with 'SPIRV-Tools.lib(validate_arithmetics.obj)' or at ''; linking object as if no debug info
SPIRV-Tools.lib(validate_composites.obj) : warning LNK4099: PDB '' was not found with 'SPIRV-Tools.lib(validate_composites.obj)' or at ''; linking object as if no debug info
SPIRV-Tools.lib(validate_conversion.obj) : warning LNK4099: PDB '' was not found with 'SPIRV-Tools.lib(validate_conversion.obj)' or at ''; linking object as if no debug info
SPIRV-Tools.lib(validate_derivatives.obj) : warning LNK4099: PDB '' was not found with 'SPIRV-Tools.lib(validate_derivatives.obj)' or at ''; linking object as if no debug info
SPIRV-Tools.lib(validate_logicals.obj) : warning LNK4099: PDB '' was not found with 'SPIRV-Tools.lib(validate_logicals.obj)' or at ''; linking object as if no debug info
SPIRV-Tools.lib(validate_bitwise.obj) : warning LNK4099: PDB '' was not found with 'SPIRV-Tools.lib(validate_bitwise.obj)' or at ''; linking object as if no debug info
SPIRV-Tools.lib(validate_image.obj) : warning LNK4099: PDB '' was not found with 'SPIRV-Tools.lib(validate_image.obj)' or at ''; linking object as if no debug info
SPIRV-Tools.lib(validate_atomics.obj) : warning LNK4099: PDB '' was not found with 'SPIRV-Tools.lib(validate_atomics.obj)' or at ''; linking object as if no debug info
SPIRV-Tools.lib(validate_barriers.obj) : warning LNK4099: PDB '' was not found with 'SPIRV-Tools.lib(validate_barriers.obj)' or at ''; linking object as if no debug info
SPIRV-Tools.lib(validate_literals.obj) : warning LNK4099: PDB '' was not found with 'SPIRV-Tools.lib(validate_literals.obj)' or at ''; linking object as if no debug info
SPIRV-Tools.lib(validate_extensions.obj) : warning LNK4099: PDB '' was not found with 'SPIRV-Tools.lib(validate_extensions.obj)' or at ''; linking object as if no debug info
SPIRV-Tools.lib(validate_annotation.obj) : warning LNK4099: PDB '' was not found with 'SPIRV-Tools.lib(validate_annotation.obj)' or at ''; linking object as if no debug info
SPIRV-Tools.lib(validate_non_uniform.obj) : warning LNK4099: PDB '' was not found with 'SPIRV-Tools.lib(validate_non_uniform.obj)' or at ''; linking object as if no debug info
SPIRV-Tools.lib(validate_debug.obj) : warning LNK4099: PDB '' was not found with 'SPIRV-Tools.lib(validate_debug.obj)' or at ''; linking object as if no debug info
SPIRV-Tools.lib(validate_capability.obj) : warning LNK4099: PDB '' was not found with 'SPIRV-Tools.lib(validate_capability.obj)' or at ''; linking object as if no debug info
SPIRV-Tools.lib(validate_primitives.obj) : warning LNK4099: PDB '' was not found with 'SPIRV-Tools.lib(validate_primitives.obj)' or at ''; linking object as if no debug info
SPIRV-Tools.lib(validate_mode_setting.obj) : warning LNK4099: PDB '' was not found with 'SPIRV-Tools.lib(validate_mode_setting.obj)' or at ''; linking object as if no debug info
SPIRV-Tools.lib(validate_function.obj) : warning LNK4099: PDB '' was not found with 'SPIRV-Tools.lib(validate_function.obj)' or at ''; linking object as if no debug info
SPIRV-Tools.lib(validate_misc.obj) : warning LNK4099: PDB '' was not found with 'SPIRV-Tools.lib(validate_misc.obj)' or at ''; linking object as if no debug info
SPIRV-Tools.lib(validate_ray_query.obj) : warning LNK4099: PDB '' was not found with 'SPIRV-Tools.lib(validate_ray_query.obj)' or at ''; linking object as if no debug info
SPIRV-Tools.lib(validate_ray_tracing.obj) : warning LNK4099: PDB '' was not found with 'SPIRV-Tools.lib(validate_ray_tracing.obj)' or at ''; linking object as if no debug info
SPIRV-Tools.lib(validate_ray_tracing_reorder.obj) : warning LNK4099: PDB '' was not found with 'SPIRV-Tools.lib(validate_ray_tracing_reorder.obj)' or at ''; linking object as if no debug info
SPIRV-Tools.lib(validate_mesh_shading.obj) : warning LNK4099: PDB '' was not found with 'SPIRV-Tools.lib(validate_mesh_shading.obj)' or at ''; linking object as if no debug info
SPIRV-Tools.lib(validate_execution_limitations.obj) : warning LNK4099: PDB '' was not found with 'SPIRV-Tools.lib(validate_execution_limitations.obj)' or at ''; linking object as if no debug info
SPIRV-Tools.lib(validate_small_type_uses.obj) : warning LNK4099: PDB '' was not found with 'SPIRV-Tools.lib(validate_small_type_uses.obj)' or at ''; linking object as if no debug info
SPIRV-Tools.lib(spirv_endian.obj) : warning LNK4099: PDB '' was not found with 'SPIRV-Tools.lib(spirv_endian.obj)' or at ''; linking object as if no debug info
SPIRV-Tools.lib(text_handler.obj) : warning LNK4099: PDB '' was not found with 'SPIRV-Tools.lib(text_handler.obj)' or at ''; linking object as if no debug info
SPIRV-Tools.lib(basic_block.obj) : warning LNK4099: PDB '' was not found with 'SPIRV-Tools.lib(basic_block.obj)' or at ''; linking object as if no debug info
SPIRV-Tools.lib(construct.obj) : warning LNK4099: PDB '' was not found with 'SPIRV-Tools.lib(construct.obj)' or at ''; linking object as if no debug info
SPIRV-Tools.lib(validate_scopes.obj) : warning LNK4099: PDB '' was not found with 'SPIRV-Tools.lib(validate_scopes.obj)' or at ''; linking object as if no debug info
SPIRV-Tools.lib(validate_memory_semantics.obj) : warning LNK4099: PDB '' was not found with 'SPIRV-Tools.lib(validate_memory_semantics.obj)' or at ''; linking object as if no debug info
  etgg2802.vcxproj -> G:\Compute Shader Buffer\x64\Release\etgg2802.exe
